Testsuite: org.simpleframework.xml.core.ConstructorScannerTest
Tests run: 6, Failures: 0, Errors: 0, Time elapsed: 0.176 sec
------------- Standard Error -----------------
org.simpleframework.xml.core.MethodException: Annotations do not match for 'a[1]/b[1]/c[1]' in class org.simpleframework.xml.core.ConstructorScannerTest$ClashBetweenElementAndText
	at org.simpleframework.xml.core.ConstructorScanner.validate(ConstructorScanner.java:237)
	at org.simpleframework.xml.core.ConstructorScanner.create(ConstructorScanner.java:218)
	at org.simpleframework.xml.core.ConstructorScanner.process(ConstructorScanner.java:194)
	at org.simpleframework.xml.core.ConstructorScanner.scan(ConstructorScanner.java:134)
	at org.simpleframework.xml.core.ConstructorScanner.scan(ConstructorScanner.java:114)
	at org.simpleframework.xml.core.ConstructorScanner.<init>(ConstructorScanner.java:81)
	at org.simpleframework.xml.core.ConstructorScannerTest.testClashOnElementByPath(ConstructorScannerTest.java:78)
	at sun.reflect.NativeMethodAccessorImpl.invoke0(Native Method)
	at sun.reflect.NativeMethodAccessorImpl.invoke(NativeMethodAccessorImpl.java:39)
	at sun.reflect.DelegatingMethodAccessorImpl.invoke(DelegatingMethodAccessorImpl.java:25)
	at java.lang.reflect.Method.invoke(Method.java:592)
	at junit.framework.TestCase.runTest(TestCase.java:154)
	at junit.framework.TestCase.runBare(TestCase.java:127)
	at junit.framework.TestResult$1.protect(TestResult.java:106)
	at junit.framework.TestResult.runProtected(TestResult.java:124)
	at junit.framework.TestResult.run(TestResult.java:109)
	at junit.framework.TestCase.run(TestCase.java:118)
	at junit.framework.TestSuite.runTest(TestSuite.java:208)
	at junit.framework.TestSuite.run(TestSuite.java:203)
	at org.apache.tools.ant.taskdefs.optional.junit.JUnitTestRunner.run(JUnitTestRunner.java:422)
	at org.apache.tools.ant.taskdefs.optional.junit.JUnitTestRunner.launch(JUnitTestRunner.java:931)
	at org.apache.tools.ant.taskdefs.optional.junit.JUnitTestRunner.main(JUnitTestRunner.java:785)
org.simpleframework.xml.core.MethodException: Annotations do not match for 'a' in class org.simpleframework.xml.core.ConstructorScannerTest$AmbiguousParameters
	at org.simpleframework.xml.core.ConstructorScanner.validate(ConstructorScanner.java:237)
	at org.simpleframework.xml.core.ConstructorScanner.create(ConstructorScanner.java:218)
	at org.simpleframework.xml.core.ConstructorScanner.process(ConstructorScanner.java:194)
	at org.simpleframework.xml.core.ConstructorScanner.scan(ConstructorScanner.java:134)
	at org.simpleframework.xml.core.ConstructorScanner.scan(ConstructorScanner.java:114)
	at org.simpleframework.xml.core.ConstructorScanner.<init>(ConstructorScanner.java:81)
	at org.simpleframework.xml.core.ConstructorScannerTest.testAmbiguousParameters(ConstructorScannerTest.java:90)
	at sun.reflect.NativeMethodAccessorImpl.invoke0(Native Method)
	at sun.reflect.NativeMethodAccessorImpl.invoke(NativeMethodAccessorImpl.java:39)
	at sun.reflect.DelegatingMethodAccessorImpl.invoke(DelegatingMethodAccessorImpl.java:25)
	at java.lang.reflect.Method.invoke(Method.java:592)
	at junit.framework.TestCase.runTest(TestCase.java:154)
	at junit.framework.TestCase.runBare(TestCase.java:127)
	at junit.framework.TestResult$1.protect(TestResult.java:106)
	at junit.framework.TestResult.runProtected(TestResult.java:124)
	at junit.framework.TestResult.run(TestResult.java:109)
	at junit.framework.TestCase.run(TestCase.java:118)
	at junit.framework.TestSuite.runTest(TestSuite.java:208)
	at junit.framework.TestSuite.run(TestSuite.java:203)
	at org.apache.tools.ant.taskdefs.optional.junit.JUnitTestRunner.run(JUnitTestRunner.java:422)
	at org.apache.tools.ant.taskdefs.optional.junit.JUnitTestRunner.launch(JUnitTestRunner.java:931)
	at org.apache.tools.ant.taskdefs.optional.junit.JUnitTestRunner.main(JUnitTestRunner.java:785)
org.simpleframework.xml.core.PersistenceException: Parameter 'path[1]/a[1]' is a duplicate in public org.simpleframework.xml.core.ConstructorScannerTest$SameNameAndAnnotationWithPath(java.lang.String,java.lang.String)
	at org.simpleframework.xml.core.ConstructorScanner.scan(ConstructorScanner.java:140)
	at org.simpleframework.xml.core.ConstructorScanner.scan(ConstructorScanner.java:114)
	at org.simpleframework.xml.core.ConstructorScanner.<init>(ConstructorScanner.java:81)
	at org.simpleframework.xml.core.ConstructorScannerTest.testSameNameAndAnnotationWithPath(ConstructorScannerTest.java:116)
	at sun.reflect.NativeMethodAccessorImpl.invoke0(Native Method)
	at sun.reflect.NativeMethodAccessorImpl.invoke(NativeMethodAccessorImpl.java:39)
	at sun.reflect.DelegatingMethodAccessorImpl.invoke(DelegatingMethodAccessorImpl.java:25)
	at java.lang.reflect.Method.invoke(Method.java:592)
	at junit.framework.TestCase.runTest(TestCase.java:154)
	at junit.framework.TestCase.runBare(TestCase.java:127)
	at junit.framework.TestResult$1.protect(TestResult.java:106)
	at junit.framework.TestResult.runProtected(TestResult.java:124)
	at junit.framework.TestResult.run(TestResult.java:109)
	at junit.framework.TestCase.run(TestCase.java:118)
	at junit.framework.TestSuite.runTest(TestSuite.java:208)
	at junit.framework.TestSuite.run(TestSuite.java:203)
	at org.apache.tools.ant.taskdefs.optional.junit.JUnitTestRunner.run(JUnitTestRunner.java:422)
	at org.apache.tools.ant.taskdefs.optional.junit.JUnitTestRunner.launch(JUnitTestRunner.java:931)
	at org.apache.tools.ant.taskdefs.optional.junit.JUnitTestRunner.main(JUnitTestRunner.java:785)
------------- ---------------- ---------------

Testcase: testElementWithPath took 0.086 sec
Testcase: testClashOnElementByPath took 0.017 sec
Testcase: testAmbiguousParameters took 0.015 sec
Testcase: testSameNameWithPath took 0.004 sec
Testcase: testSameNameAndAnnotationWithPath took 0.008 sec
Testcase: testSameNameWithDifferentPath took 0.003 sec
